<?xml version="1.0" encoding="UTF-8"?>
<!-- Generated by org.testng.reporters.JUnitReportReporter -->
<testsuite hostname="DESKTOP-V2ONJQQ" failures="0" tests="3" name="com.ddt.test.LoginPageTest" time="12.982" errors="0" timestamp="27 Feb 2023 12:06:49 GMT" skipped="0">
  <testcase classname="com.ddt.test.LoginPageTest" name="loginPageTitleTest" time="3.354"/>
  <testcase classname="com.ddt.test.LoginPageTest" name="parabankLogoImageTest" time="4.586"/>
  <testcase classname="com.ddt.test.LoginPageTest" name="loginTest" time="5.042"/>
</testsuite> <!-- com.ddt.test.LoginPageTest -->
